[35m[Appium][39m Welcome to Appium v1.22.3
[35m[Appium][39m Non-default server args:
[35m[Appium][39m   port: 53381
[35m[Appium][39m   loglevel: info
[35m[Appium][39m   tmpDir: C:\Users\andik\AppData\Local\Temp\\Katalon\Appium\Temp1659754889768
[35m[Appium][39m   chromedriverPort: 53382
[35m[Appium][39m Deprecated server args:
[35m[Appium][39m   [31m--chromedriver-port[39m => --default-capabilities
[35m[Appium][39m Default capabilities, which will be added to each request unless overridden by desired capabilities:
[35m[Appium][39m   chromedriverPort: 53382
[35m[Appium][39m Appium REST http interface listener started on 0.0.0.0:53381
[35m[HTTP][39m [37m-->[39m [37mGET[39m [37m/wd/hub/status[39m
[35m[HTTP][39m [90m{}[39m
[35m[HTTP][39m [37m<-- GET /wd/hub/status [39m[32m200[39m [90m10 ms - 68[39m
[35m[HTTP][39m [90m[39m
[35m[HTTP][39m [37m-->[39m [37mGET[39m [37m/wd/hub/status[39m
[35m[HTTP][39m [90m{}[39m
[35m[HTTP][39m [37m<-- GET /wd/hub/status [39m[32m200[39m [90m3 ms - 68[39m
[35m[HTTP][39m [90m[39m
[35m[HTTP][39m [37m-->[39m [37mPOST[39m [37m/wd/hub/session[39m
[35m[HTTP][39m [90m{"desiredCapabilities":{"appActivity":".Settings","appPackage":"com.android.settings","newCommandTimeout":1800,"platformVersion":"11","automationName":"uiautomator2","autoGrantPermissions":true,"platformName":"Android","udid":"RR8M513Y1WW","deviceName":"samsung SM-A705F (Android 11)","platform":"ANDROID","systemPort":8227},"capabilities":{"firstMatch":[{"appium:appActivity":".Settings","appium:appPackage":"com.android.settings","appium:autoGrantPermissions":true,"appium:automationName":"uiautomator2","appium:deviceName":"samsung SM-A705F (Android 11)","appium:newCommandTimeout":1800,"platform":"ANDROID","platformName":"android","appium:platformVersion":"11","appium:systemPort":8227,"appium:udid":"RR8M513Y1WW"}]}}[39m
[35m[BaseDriver][39m The following capabilities are not standard capabilities and should have an extension prefix:
[35m[BaseDriver][39m   platform
[35m[BaseDriver][39m   chromedriverPort
[35m[Appium][39m Appium v1.22.3 creating new AndroidUiautomator2Driver (v1.70.1) session
[35m[BaseDriver][39m The following capabilities were provided, but are not recognized by Appium:
[35m[BaseDriver][39m   platform
[35m[BaseDriver][39m Session created with session id: dbd1a615-2750-47d9-b33c-3cf0710d5e88
[35m[UiAutomator2][39m Starting 'com.android.settings' directly on the device
[35m[ADB][39m Found 1 'build-tools' folders under 'C:\Users\andik\.katalon\tools\android_sdk' (newest first):
[35m[ADB][39m     C:/Users/andik/.katalon/tools/android_sdk/build-tools/29.0.3
[35m[ADB][39m Using 'adb.exe' from 'C:\Users\andik\.katalon\tools\android_sdk\platform-tools\adb.exe'
[35m[AndroidDriver][39m Retrieving device list
[35m[AndroidDriver][39m Using device: RR8M513Y1WW
[35m[ADB][39m Using 'adb.exe' from 'C:\Users\andik\.katalon\tools\android_sdk\platform-tools\adb.exe'
[35m[ADB][39m Getting device platform version
[35m[UiAutomator2][39m Relaxing hidden api policy
[35m[AndroidDriver][39m No app sent in, not parsing package/activity
[35m[ADB][39m Using 'apksigner.jar' from 'C:\Users\andik\.katalon\tools\android_sdk\build-tools\29.0.3\lib\apksigner.jar'
[35m[ADB][39m 'C:\Users\andik\AppData\Roaming\npm\node_modules\appium\node_modules\appium-uiautomator2-server\apks\appium-uiautomator2-server-v4.27.0.apk' is signed with the default certificate
[35m[ADB][39m 'C:\Users\andik\AppData\Roaming\npm\node_modules\appium\node_modules\appium-uiautomator2-server\apks\appium-uiautomator2-server-debug-androidTest.apk' is signed with the default certificate
[35m[UiAutomator2][39m Server packages are not going to be (re)installed
[35m[ADB][39m Adding packages ["io.appium.settings","io.appium.uiautomator2.server","io.appium.uiautomator2.server.test"] to Doze whitelist
[35m[ADB][39m com.android.settings contains no permissions available for granting
[35m[UiAutomator2][39m Starting UIAutomator2 server 4.27.0
[35m[UiAutomator2][39m Using UIAutomator2 server from 'C:\Users\andik\AppData\Roaming\npm\node_modules\appium\node_modules\appium-uiautomator2-server\apks\appium-uiautomator2-server-v4.27.0.apk' and test from 'C:\Users\andik\AppData\Roaming\npm\node_modules\appium\node_modules\appium-uiautomator2-server\apks\appium-uiautomator2-server-debug-androidTest.apk'
[35m[UiAutomator2][39m Waiting up to 30000ms for UiAutomator2 to be online...
[35m[WD Proxy][39m socket hang up
[35m[WD Proxy][39m socket hang up
[35m[WD Proxy][39m socket hang up
[35m[WD Proxy][39m Determined the downstream protocol as 'W3C'
[35m[AndroidDriver][39m Screen already unlocked, doing nothing
[35m[UiAutomator2][39m Starting 'com.android.settings/.Settings and waiting for 'com.android.settings/.Settings'
[35m[Appium][39m New AndroidUiautomator2Driver session created successfully, session dbd1a615-2750-47d9-b33c-3cf0710d5e88 added to master session list
[35m[HTTP][39m [37m<-- POST /wd/hub/session [39m[32m200[39m [90m12399 ms - 1158[39m
[35m[HTTP][39m [90m[39m
[35m[HTTP][39m [37m-->[39m [37mGET[39m [37m/wd/hub/session/dbd1a615-2750-47d9-b33c-3cf0710d5e88[39m
[35m[HTTP][39m [90m{}[39m
[35m[HTTP][39m [37m<-- GET /wd/hub/session/dbd1a615-2750-47d9-b33c-3cf0710d5e88 [39m[32m200[39m [90m36 ms - 1112[39m
[35m[HTTP][39m [90m[39m
[35m[HTTP][39m [37m-->[39m [37mGET[39m [37m/wd/hub/session/dbd1a615-2750-47d9-b33c-3cf0710d5e88[39m
[35m[HTTP][39m [90m{}[39m
[35m[HTTP][39m [37m<-- GET /wd/hub/session/dbd1a615-2750-47d9-b33c-3cf0710d5e88 [39m[32m200[39m [90m11 ms - 1112[39m
[35m[HTTP][39m [90m[39m
[35m[HTTP][39m [37m-->[39m [37mGET[39m [37m/wd/hub/status[39m
[35m[HTTP][39m [90m{}[39m
[35m[HTTP][39m [37m<-- GET /wd/hub/status [39m[32m200[39m [90m1 ms - 68[39m
[35m[HTTP][39m [90m[39m
[35m[HTTP][39m [37m-->[39m [37mPOST[39m [37m/wd/hub/session/dbd1a615-2750-47d9-b33c-3cf0710d5e88/timeouts[39m
[35m[HTTP][39m [90m{"implicit":60000}[39m
[35m[HTTP][39m [37m<-- POST /wd/hub/session/dbd1a615-2750-47d9-b33c-3cf0710d5e88/timeouts [39m[32m200[39m [90m4 ms - 14[39m
[35m[HTTP][39m [90m[39m
[35m[HTTP][39m [37m-->[39m [37mGET[39m [37m/wd/hub/session/dbd1a615-2750-47d9-b33c-3cf0710d5e88/screenshot[39m
[35m[HTTP][39m [90m{}[39m
[35m[HTTP][39m [37m<-- GET /wd/hub/session/dbd1a615-2750-47d9-b33c-3cf0710d5e88/screenshot [39m[32m200[39m [90m706 ms - 198392[39m
[35m[HTTP][39m [90m[39m
[35m[HTTP][39m [37m-->[39m [37mGET[39m [37m/wd/hub/session/dbd1a615-2750-47d9-b33c-3cf0710d5e88/window/rect[39m
[35m[HTTP][39m [90m{}[39m
[35m[HTTP][39m [37m<-- GET /wd/hub/session/dbd1a615-2750-47d9-b33c-3cf0710d5e88/window/rect [39m[32m200[39m [90m22 ms - 50[39m
[35m[HTTP][39m [90m[39m
[35m[HTTP][39m [37m-->[39m [37mGET[39m [37m/wd/hub/session/dbd1a615-2750-47d9-b33c-3cf0710d5e88/appium/device/system_bars[39m
[35m[HTTP][39m [90m{}[39m
[35m[HTTP][39m [37m<-- GET /wd/hub/session/dbd1a615-2750-47d9-b33c-3cf0710d5e88/appium/device/system_bars [39m[32m200[39m [90m141 ms - 148[39m
[35m[HTTP][39m [90m[39m
[35m[HTTP][39m [37m-->[39m [37mPOST[39m [37m/wd/hub/session/dbd1a615-2750-47d9-b33c-3cf0710d5e88/appium/device/activate_app[39m
[35m[HTTP][39m [90m{"bundleId":"com.she.sehatq"}[39m
[35m[HTTP][39m [37m<-- POST /wd/hub/session/dbd1a615-2750-47d9-b33c-3cf0710d5e88/appium/device/activate_app [39m[32m200[39m [90m463 ms - 14[39m
[35m[HTTP][39m [90m[39m
[35m[HTTP][39m [37m-->[39m [37mGET[39m [37m/wd/hub/session/dbd1a615-2750-47d9-b33c-3cf0710d5e88/source[39m
[35m[HTTP][39m [90m{}[39m
[35m[W3C (dbd1a615)][39m Driver proxy active, passing request on via HTTP proxy
[35m[WD Proxy][39m Replacing sessionId 8a5a7bd7-17d0-4c73-a862-55f2ebddda1c with dbd1a615-2750-47d9-b33c-3cf0710d5e88
[35m[HTTP][39m [37m<-- GET /wd/hub/session/dbd1a615-2750-47d9-b33c-3cf0710d5e88/source [39m[32m200[39m [90m539 ms - 3568[39m
[35m[HTTP][39m [90m[39m
[35m[HTTP][39m [37m-->[39m [37mGET[39m [37m/wd/hub/session/dbd1a615-2750-47d9-b33c-3cf0710d5e88/screenshot[39m
[35m[HTTP][39m [90m{}[39m
[35m[HTTP][39m [37m<-- GET /wd/hub/session/dbd1a615-2750-47d9-b33c-3cf0710d5e88/screenshot [39m[32m200[39m [90m667 ms - 735134[39m
[35m[HTTP][39m [90m[39m
[35m[HTTP][39m [37m-->[39m [37mGET[39m [37m/wd/hub/session/dbd1a615-2750-47d9-b33c-3cf0710d5e88/source[39m
[35m[HTTP][39m [90m{}[39m
[35m[W3C (dbd1a615)][39m Driver proxy active, passing request on via HTTP proxy
[35m[WD Proxy][39m Replacing sessionId 8a5a7bd7-17d0-4c73-a862-55f2ebddda1c with dbd1a615-2750-47d9-b33c-3cf0710d5e88
[35m[HTTP][39m [37m<-- GET /wd/hub/session/dbd1a615-2750-47d9-b33c-3cf0710d5e88/source [39m[32m200[39m [90m173 ms - 23562[39m
[35m[HTTP][39m [90m[39m
[35m[HTTP][39m [37m-->[39m [37mGET[39m [37m/wd/hub/session/dbd1a615-2750-47d9-b33c-3cf0710d5e88/screenshot[39m
[35m[HTTP][39m [90m{}[39m
[35m[HTTP][39m [37m<-- GET /wd/hub/session/dbd1a615-2750-47d9-b33c-3cf0710d5e88/screenshot [39m[32m200[39m [90m465 ms - 100260[39m
[35m[HTTP][39m [90m[39m
[35m[HTTP][39m [37m-->[39m [37mGET[39m [37m/wd/hub/session/dbd1a615-2750-47d9-b33c-3cf0710d5e88/source[39m
[35m[HTTP][39m [90m{}[39m
[35m[W3C (dbd1a615)][39m Driver proxy active, passing request on via HTTP proxy
[35m[WD Proxy][39m Replacing sessionId 8a5a7bd7-17d0-4c73-a862-55f2ebddda1c with dbd1a615-2750-47d9-b33c-3cf0710d5e88
[35m[HTTP][39m [37m<-- GET /wd/hub/session/dbd1a615-2750-47d9-b33c-3cf0710d5e88/source [39m[32m200[39m [90m335 ms - 37769[39m
[35m[HTTP][39m [90m[39m
[35m[HTTP][39m [37m-->[39m [37mGET[39m [37m/wd/hub/session/dbd1a615-2750-47d9-b33c-3cf0710d5e88/screenshot[39m
[35m[HTTP][39m [90m{}[39m
[35m[HTTP][39m [37m<-- GET /wd/hub/session/dbd1a615-2750-47d9-b33c-3cf0710d5e88/screenshot [39m[32m200[39m [90m1253 ms - 1423824[39m
[35m[HTTP][39m [90m[39m
[35m[HTTP][39m [37m-->[39m [37mPOST[39m [37m/wd/hub/session/dbd1a615-2750-47d9-b33c-3cf0710d5e88/elements[39m
[35m[HTTP][39m [90m{"using":"xpath","value":"//*[@class = 'android.widget.ImageView' and @resource-id = 'com.she.sehatq:id/iv_profile_nav' and (@text = '' or . = '')]"}[39m
[35m[HTTP][39m [37m<-- POST /wd/hub/session/dbd1a615-2750-47d9-b33c-3cf0710d5e88/elements [39m[32m200[39m [90m518 ms - 139[39m
[35m[HTTP][39m [90m[39m
[35m[HTTP][39m [37m-->[39m [37mGET[39m [37m/wd/hub/session/dbd1a615-2750-47d9-b33c-3cf0710d5e88/source[39m
[35m[HTTP][39m [90m{}[39m
[35m[W3C (dbd1a615)][39m Driver proxy active, passing request on via HTTP proxy
[35m[WD Proxy][39m Replacing sessionId 8a5a7bd7-17d0-4c73-a862-55f2ebddda1c with dbd1a615-2750-47d9-b33c-3cf0710d5e88
[35m[HTTP][39m [37m<-- GET /wd/hub/session/dbd1a615-2750-47d9-b33c-3cf0710d5e88/source [39m[32m200[39m [90m222 ms - 26876[39m
[35m[HTTP][39m [90m[39m
[35m[HTTP][39m [37m-->[39m [37mGET[39m [37m/wd/hub/session/dbd1a615-2750-47d9-b33c-3cf0710d5e88/screenshot[39m
[35m[HTTP][39m [90m{}[39m
[35m[HTTP][39m [37m<-- GET /wd/hub/session/dbd1a615-2750-47d9-b33c-3cf0710d5e88/screenshot [39m[32m200[39m [90m970 ms - 836152[39m
[35m[HTTP][39m [90m[39m
[35m[HTTP][39m [37m-->[39m [37mPOST[39m [37m/wd/hub/session/dbd1a615-2750-47d9-b33c-3cf0710d5e88/elements[39m
[35m[HTTP][39m [90m{"using":"xpath","value":"//*[@class = 'android.widget.TextView' and (@text = 'Lihat Profil' or . = 'Lihat Profil') and @resource-id = 'com.she.sehatq:id/tvDetailProfile']"}[39m
[35m[HTTP][39m [37m<-- POST /wd/hub/session/dbd1a615-2750-47d9-b33c-3cf0710d5e88/elements [39m[32m200[39m [90m194 ms - 139[39m
[35m[HTTP][39m [90m[39m
[35m[HTTP][39m [37m-->[39m [37mGET[39m [37m/wd/hub/session/dbd1a615-2750-47d9-b33c-3cf0710d5e88/source[39m
[35m[HTTP][39m [90m{}[39m
[35m[W3C (dbd1a615)][39m Driver proxy active, passing request on via HTTP proxy
[35m[WD Proxy][39m Replacing sessionId 8a5a7bd7-17d0-4c73-a862-55f2ebddda1c with dbd1a615-2750-47d9-b33c-3cf0710d5e88
[35m[HTTP][39m [37m<-- GET /wd/hub/session/dbd1a615-2750-47d9-b33c-3cf0710d5e88/source [39m[32m200[39m [90m107 ms - 17907[39m
[35m[HTTP][39m [90m[39m
[35m[HTTP][39m [37m-->[39m [37mGET[39m [37m/wd/hub/session/dbd1a615-2750-47d9-b33c-3cf0710d5e88/screenshot[39m
[35m[HTTP][39m [90m{}[39m
[35m[HTTP][39m [37m<-- GET /wd/hub/session/dbd1a615-2750-47d9-b33c-3cf0710d5e88/screenshot [39m[32m200[39m [90m568 ms - 193826[39m
[35m[HTTP][39m [90m[39m
[35m[HTTP][39m [37m-->[39m [37mPOST[39m [37m/wd/hub/session/dbd1a615-2750-47d9-b33c-3cf0710d5e88/elements[39m
[35m[HTTP][39m [90m{"using":"xpath","value":"//*[@class = 'android.widget.TextView' and (@text = '175' or . = '175') and @resource-id = 'com.she.sehatq:id/tvUserHeight']"}[39m
[35m[HTTP][39m [37m<-- POST /wd/hub/session/dbd1a615-2750-47d9-b33c-3cf0710d5e88/elements [39m[32m200[39m [90m128 ms - 139[39m
[35m[HTTP][39m [90m[39m
[35m[HTTP][39m [37m-->[39m [37mPOST[39m [37m/wd/hub/session/dbd1a615-2750-47d9-b33c-3cf0710d5e88/elements[39m
[35m[HTTP][39m [90m{"using":"xpath","value":"//*[@class = 'android.widget.TextView' and (@text = '6289682291586' or . = '6289682291586') and @resource-id = 'com.she.sehatq:id/tvPhone']"}[39m
[35m[HTTP][39m [37m<-- POST /wd/hub/session/dbd1a615-2750-47d9-b33c-3cf0710d5e88/elements [39m[32m200[39m [90m114 ms - 139[39m
[35m[HTTP][39m [90m[39m
[35m[HTTP][39m [37m-->[39m [37mGET[39m [37m/wd/hub/session/dbd1a615-2750-47d9-b33c-3cf0710d5e88/source[39m
[35m[HTTP][39m [90m{}[39m
[35m[W3C (dbd1a615)][39m Driver proxy active, passing request on via HTTP proxy
[35m[WD Proxy][39m Replacing sessionId 8a5a7bd7-17d0-4c73-a862-55f2ebddda1c with dbd1a615-2750-47d9-b33c-3cf0710d5e88
[35m[HTTP][39m [37m<-- GET /wd/hub/session/dbd1a615-2750-47d9-b33c-3cf0710d5e88/source [39m[32m200[39m [90m97 ms - 18337[39m
[35m[HTTP][39m [90m[39m
[35m[HTTP][39m [37m-->[39m [37mGET[39m [37m/wd/hub/session/dbd1a615-2750-47d9-b33c-3cf0710d5e88/screenshot[39m
[35m[HTTP][39m [90m{}[39m
[35m[HTTP][39m [37m<-- GET /wd/hub/session/dbd1a615-2750-47d9-b33c-3cf0710d5e88/screenshot [39m[32m200[39m [90m481 ms - 194040[39m
[35m[HTTP][39m [90m[39m
[35m[HTTP][39m [37m-->[39m [37mPOST[39m [37m/wd/hub/session/dbd1a615-2750-47d9-b33c-3cf0710d5e88/elements[39m
[35m[HTTP][39m [90m{"using":"xpath","value":"//*[@class = 'android.widget.Button' and (@text = 'Edit Profil' or . = 'Edit Profil') and @resource-id = 'com.she.sehatq:id/btnEdit']"}[39m
[35m[HTTP][39m [37m<-- POST /wd/hub/session/dbd1a615-2750-47d9-b33c-3cf0710d5e88/elements [39m[32m200[39m [90m144 ms - 139[39m
[35m[HTTP][39m [90m[39m
[35m[HTTP][39m [37m-->[39m [37mGET[39m [37m/wd/hub/session/dbd1a615-2750-47d9-b33c-3cf0710d5e88/source[39m
[35m[HTTP][39m [90m{}[39m
[35m[W3C (dbd1a615)][39m Driver proxy active, passing request on via HTTP proxy
[35m[WD Proxy][39m Replacing sessionId 8a5a7bd7-17d0-4c73-a862-55f2ebddda1c with dbd1a615-2750-47d9-b33c-3cf0710d5e88
[35m[HTTP][39m [37m<-- GET /wd/hub/session/dbd1a615-2750-47d9-b33c-3cf0710d5e88/source [39m[32m200[39m [90m139 ms - 23297[39m
[35m[HTTP][39m [90m[39m
[35m[HTTP][39m [37m-->[39m [37mGET[39m [37m/wd/hub/session/dbd1a615-2750-47d9-b33c-3cf0710d5e88/screenshot[39m
[35m[HTTP][39m [90m{}[39m
[35m[HTTP][39m [37m<-- GET /wd/hub/session/dbd1a615-2750-47d9-b33c-3cf0710d5e88/screenshot [39m[32m200[39m [90m469 ms - 131062[39m
[35m[HTTP][39m [90m[39m
[35m[HTTP][39m [37m-->[39m [37mPOST[39m [37m/wd/hub/session/dbd1a615-2750-47d9-b33c-3cf0710d5e88/elements[39m
[35m[HTTP][39m [90m{"using":"xpath","value":"//*[@class = 'android.widget.EditText' and (@text = 'Andika Zurahman' or . = 'Andika Zurahman') and @resource-id = 'com.she.sehatq:id/et_input']"}[39m
[35m[HTTP][39m [37m<-- POST /wd/hub/session/dbd1a615-2750-47d9-b33c-3cf0710d5e88/elements [39m[32m200[39m [90m168 ms - 139[39m
[35m[HTTP][39m [90m[39m
[35m[HTTP][39m [37m-->[39m [37mPOST[39m [37m/wd/hub/session/dbd1a615-2750-47d9-b33c-3cf0710d5e88/elements[39m
[35m[HTTP][39m [90m{"using":"xpath","value":"//*[@class = 'androidx.appcompat.widget.LinearLayoutCompat' and @resource-id = 'com.she.sehatq:id/etGender' and (@text = '' or . = '')]"}[39m
[35m[HTTP][39m [37m<-- POST /wd/hub/session/dbd1a615-2750-47d9-b33c-3cf0710d5e88/elements [39m[32m200[39m [90m141 ms - 139[39m
[35m[HTTP][39m [90m[39m
[35m[HTTP][39m [37m-->[39m [37mPOST[39m [37m/wd/hub/session/dbd1a615-2750-47d9-b33c-3cf0710d5e88/elements[39m
[35m[HTTP][39m [90m{"using":"xpath","value":"//*[@class = 'android.view.View' and @resource-id = 'com.she.sehatq:id/btnGender' and (@text = '' or . = '')]"}[39m
[35m[HTTP][39m [37m<-- POST /wd/hub/session/dbd1a615-2750-47d9-b33c-3cf0710d5e88/elements [39m[32m200[39m [90m165 ms - 139[39m
[35m[HTTP][39m [90m[39m
[35m[HTTP][39m [37m-->[39m [37mPOST[39m [37m/wd/hub/session/dbd1a615-2750-47d9-b33c-3cf0710d5e88/elements[39m
[35m[HTTP][39m [90m{"using":"xpath","value":"//*[@class = 'android.view.View' and @resource-id = 'com.she.sehatq:id/btnGender' and (@text = '' or . = '')]"}[39m
[35m[HTTP][39m [37m<-- POST /wd/hub/session/dbd1a615-2750-47d9-b33c-3cf0710d5e88/elements [39m[32m200[39m [90m131 ms - 139[39m
[35m[HTTP][39m [90m[39m
[35m[HTTP][39m [37m-->[39m [37mPOST[39m [37m/wd/hub/session/dbd1a615-2750-47d9-b33c-3cf0710d5e88/elements[39m
[35m[HTTP][39m [90m{"using":"xpath","value":"//*[@class = 'android.view.View' and @resource-id = 'com.she.sehatq:id/btnGender' and (@text = '' or . = '')]"}[39m
[35m[HTTP][39m [37m<-- POST /wd/hub/session/dbd1a615-2750-47d9-b33c-3cf0710d5e88/elements [39m[32m200[39m [90m156 ms - 139[39m
[35m[HTTP][39m [90m[39m
[35m[HTTP][39m [37m-->[39m [37mGET[39m [37m/wd/hub/session/dbd1a615-2750-47d9-b33c-3cf0710d5e88/source[39m
[35m[HTTP][39m [90m{}[39m
[35m[W3C (dbd1a615)][39m Driver proxy active, passing request on via HTTP proxy
[35m[WD Proxy][39m Replacing sessionId 8a5a7bd7-17d0-4c73-a862-55f2ebddda1c with dbd1a615-2750-47d9-b33c-3cf0710d5e88
[35m[HTTP][39m [37m<-- GET /wd/hub/session/dbd1a615-2750-47d9-b33c-3cf0710d5e88/source [39m[32m200[39m [90m53 ms - 7160[39m
[35m[HTTP][39m [90m[39m
[35m[HTTP][39m [37m-->[39m [37mGET[39m [37m/wd/hub/session/dbd1a615-2750-47d9-b33c-3cf0710d5e88/screenshot[39m
[35m[HTTP][39m [90m{}[39m
[35m[HTTP][39m [37m<-- GET /wd/hub/session/dbd1a615-2750-47d9-b33c-3cf0710d5e88/screenshot [39m[32m200[39m [90m445 ms - 117160[39m
[35m[HTTP][39m [90m[39m
[35m[HTTP][39m [37m-->[39m [37mPOST[39m [37m/wd/hub/session/dbd1a615-2750-47d9-b33c-3cf0710d5e88/elements[39m
[35m[HTTP][39m [90m{"using":"xpath","value":"//*[@class = 'android.widget.TextView' and (@text = 'Laki-laki' or . = 'Laki-laki') and @resource-id = 'com.she.sehatq:id/tvMale']"}[39m
[35m[HTTP][39m [37m<-- POST /wd/hub/session/dbd1a615-2750-47d9-b33c-3cf0710d5e88/elements [39m[32m200[39m [90m97 ms - 139[39m
[35m[HTTP][39m [90m[39m
[35m[HTTP][39m [37m-->[39m [37mPOST[39m [37m/wd/hub/session/dbd1a615-2750-47d9-b33c-3cf0710d5e88/elements[39m
[35m[HTTP][39m [90m{"using":"xpath","value":"//*[@class = 'android.widget.TextView' and (@text = 'Perempuan' or . = 'Perempuan') and @resource-id = 'com.she.sehatq:id/tvFemale']"}[39m
[35m[HTTP][39m [37m<-- POST /wd/hub/session/dbd1a615-2750-47d9-b33c-3cf0710d5e88/elements [39m[32m200[39m [90m102 ms - 139[39m
[35m[HTTP][39m [90m[39m
[35m[HTTP][39m [37m-->[39m [37mGET[39m [37m/wd/hub/session/dbd1a615-2750-47d9-b33c-3cf0710d5e88/source[39m
[35m[HTTP][39m [90m{}[39m
[35m[W3C (dbd1a615)][39m Driver proxy active, passing request on via HTTP proxy
[35m[WD Proxy][39m Replacing sessionId 8a5a7bd7-17d0-4c73-a862-55f2ebddda1c with dbd1a615-2750-47d9-b33c-3cf0710d5e88
[35m[HTTP][39m [37m<-- GET /wd/hub/session/dbd1a615-2750-47d9-b33c-3cf0710d5e88/source [39m[32m200[39m [90m138 ms - 23297[39m
[35m[HTTP][39m [90m[39m
[35m[HTTP][39m [37m-->[39m [37mGET[39m [37m/wd/hub/session/dbd1a615-2750-47d9-b33c-3cf0710d5e88/screenshot[39m
[35m[HTTP][39m [90m{}[39m
[35m[HTTP][39m [37m<-- GET /wd/hub/session/dbd1a615-2750-47d9-b33c-3cf0710d5e88/screenshot [39m[32m200[39m [90m469 ms - 130934[39m
[35m[HTTP][39m [90m[39m
[35m[HTTP][39m [37m-->[39m [37mPOST[39m [37m/wd/hub/session/dbd1a615-2750-47d9-b33c-3cf0710d5e88/elements[39m
[35m[HTTP][39m [90m{"using":"xpath","value":"//*[@class = 'android.view.View' and @resource-id = 'com.she.sehatq:id/btnGender' and (@text = '' or . = '')]"}[39m
[35m[HTTP][39m [37m<-- POST /wd/hub/session/dbd1a615-2750-47d9-b33c-3cf0710d5e88/elements [39m[32m200[39m [90m166 ms - 139[39m
[35m[HTTP][39m [90m[39m
[35m[HTTP][39m [37m-->[39m [37mPOST[39m [37m/wd/hub/session/dbd1a615-2750-47d9-b33c-3cf0710d5e88/elements[39m
[35m[HTTP][39m [90m{"using":"xpath","value":"//*[@class = 'android.widget.EditText' and (@text = '175' or . = '175') and @resource-id = 'com.she.sehatq:id/et_input']"}[39m
[35m[HTTP][39m [37m<-- POST /wd/hub/session/dbd1a615-2750-47d9-b33c-3cf0710d5e88/elements [39m[32m200[39m [90m157 ms - 139[39m
[35m[HTTP][39m [90m[39m
[35m[HTTP][39m [37m-->[39m [37mPOST[39m [37m/wd/hub/session/dbd1a615-2750-47d9-b33c-3cf0710d5e88/elements[39m
[35m[HTTP][39m [90m{"using":"xpath","value":"//*[@class = 'android.widget.EditText' and (@text = '80' or . = '80') and @resource-id = 'com.she.sehatq:id/et_input']"}[39m
[35m[HTTP][39m [37m<-- POST /wd/hub/session/dbd1a615-2750-47d9-b33c-3cf0710d5e88/elements [39m[32m200[39m [90m145 ms - 139[39m
[35m[HTTP][39m [90m[39m
[35m[HTTP][39m [37m-->[39m [37mGET[39m [37m/wd/hub/session/dbd1a615-2750-47d9-b33c-3cf0710d5e88/source[39m
[35m[HTTP][39m [90m{}[39m
[35m[W3C (dbd1a615)][39m Driver proxy active, passing request on via HTTP proxy
[35m[WD Proxy][39m Replacing sessionId 8a5a7bd7-17d0-4c73-a862-55f2ebddda1c with dbd1a615-2750-47d9-b33c-3cf0710d5e88
[35m[HTTP][39m [37m<-- GET /wd/hub/session/dbd1a615-2750-47d9-b33c-3cf0710d5e88/source [39m[32m200[39m [90m127 ms - 20544[39m
[35m[HTTP][39m [90m[39m
[35m[HTTP][39m [37m-->[39m [37mGET[39m [37m/wd/hub/session/dbd1a615-2750-47d9-b33c-3cf0710d5e88/screenshot[39m
[35m[HTTP][39m [90m{}[39m
[35m[HTTP][39m [37m<-- GET /wd/hub/session/dbd1a615-2750-47d9-b33c-3cf0710d5e88/screenshot [39m[32m200[39m [90m493 ms - 147880[39m
[35m[HTTP][39m [90m[39m
[35m[HTTP][39m [37m-->[39m [37mGET[39m [37m/wd/hub/session/dbd1a615-2750-47d9-b33c-3cf0710d5e88/source[39m
[35m[HTTP][39m [90m{}[39m
[35m[W3C (dbd1a615)][39m Driver proxy active, passing request on via HTTP proxy
[35m[WD Proxy][39m Replacing sessionId 8a5a7bd7-17d0-4c73-a862-55f2ebddda1c with dbd1a615-2750-47d9-b33c-3cf0710d5e88
[35m[HTTP][39m [37m<-- GET /wd/hub/session/dbd1a615-2750-47d9-b33c-3cf0710d5e88/source [39m[32m200[39m [90m105 ms - 20544[39m
[35m[HTTP][39m [90m[39m
[35m[HTTP][39m [37m-->[39m [37mGET[39m [37m/wd/hub/session/dbd1a615-2750-47d9-b33c-3cf0710d5e88/screenshot[39m
[35m[HTTP][39m [90m{}[39m
[35m[HTTP][39m [37m<-- GET /wd/hub/session/dbd1a615-2750-47d9-b33c-3cf0710d5e88/screenshot [39m[32m200[39m [90m477 ms - 148130[39m
[35m[HTTP][39m [90m[39m
[35m[HTTP][39m [37m-->[39m [37mPOST[39m [37m/wd/hub/session/dbd1a615-2750-47d9-b33c-3cf0710d5e88/elements[39m
[35m[HTTP][39m [90m{"using":"xpath","value":"//*[@class = 'android.widget.EditText' and (@text = 'Jl. KH. Hasyim Ashari No.4' or . = 'Jl. KH. Hasyim Ashari No.4') and @resource-id = 'com.she.sehatq:id/et_input']"}[39m
[35m[HTTP][39m [37m<-- POST /wd/hub/session/dbd1a615-2750-47d9-b33c-3cf0710d5e88/elements [39m[32m200[39m [90m138 ms - 139[39m
[35m[HTTP][39m [90m[39m
[35m[HTTP][39m [37m-->[39m [37mGET[39m [37m/wd/hub/session/dbd1a615-2750-47d9-b33c-3cf0710d5e88/source[39m
[35m[HTTP][39m [90m{}[39m
[35m[W3C (dbd1a615)][39m Driver proxy active, passing request on via HTTP proxy
[35m[WD Proxy][39m Replacing sessionId 8a5a7bd7-17d0-4c73-a862-55f2ebddda1c with dbd1a615-2750-47d9-b33c-3cf0710d5e88
[35m[HTTP][39m [37m<-- GET /wd/hub/session/dbd1a615-2750-47d9-b33c-3cf0710d5e88/source [39m[32m200[39m [90m139 ms - 20544[39m
[35m[HTTP][39m [90m[39m
[35m[HTTP][39m [37m-->[39m [37mGET[39m [37m/wd/hub/session/dbd1a615-2750-47d9-b33c-3cf0710d5e88/screenshot[39m
[35m[HTTP][39m [90m{}[39m
[35m[HTTP][39m [37m<-- GET /wd/hub/session/dbd1a615-2750-47d9-b33c-3cf0710d5e88/screenshot [39m[32m200[39m [90m497 ms - 146740[39m
[35m[HTTP][39m [90m[39m
[35m[HTTP][39m [37m-->[39m [37mPOST[39m [37m/wd/hub/session/dbd1a615-2750-47d9-b33c-3cf0710d5e88/elements[39m
[35m[HTTP][39m [90m{"using":"xpath","value":"//*[@class = 'android.widget.Button' and (@text = 'Simpan' or . = 'Simpan') and @resource-id = 'com.she.sehatq:id/btnSave']"}[39m
[35m[HTTP][39m [37m<-- POST /wd/hub/session/dbd1a615-2750-47d9-b33c-3cf0710d5e88/elements [39m[32m200[39m [90m160 ms - 139[39m
[35m[HTTP][39m [90m[39m
[35m[HTTP][39m [37m-->[39m [37mGET[39m [37m/wd/hub/session/dbd1a615-2750-47d9-b33c-3cf0710d5e88/source[39m
[35m[HTTP][39m [90m{}[39m
[35m[W3C (dbd1a615)][39m Driver proxy active, passing request on via HTTP proxy
[35m[WD Proxy][39m Replacing sessionId 8a5a7bd7-17d0-4c73-a862-55f2ebddda1c with dbd1a615-2750-47d9-b33c-3cf0710d5e88
[35m[HTTP][39m [37m<-- GET /wd/hub/session/dbd1a615-2750-47d9-b33c-3cf0710d5e88/source [39m[32m200[39m [90m110 ms - 18337[39m
[35m[HTTP][39m [90m[39m
[35m[HTTP][39m [37m-->[39m [37mGET[39m [37m/wd/hub/session/dbd1a615-2750-47d9-b33c-3cf0710d5e88/screenshot[39m
[35m[HTTP][39m [90m{}[39m
[35m[HTTP][39m [37m<-- GET /wd/hub/session/dbd1a615-2750-47d9-b33c-3cf0710d5e88/screenshot [39m[32m200[39m [90m506 ms - 195104[39m
[35m[HTTP][39m [90m[39m
[35m[HTTP][39m [37m-->[39m [37mPOST[39m [37m/wd/hub/session/dbd1a615-2750-47d9-b33c-3cf0710d5e88/elements[39m
[35m[HTTP][39m [90m{"using":"xpath","value":"//*[@class = 'android.widget.Button' and (@text = 'Edit Profil' or . = 'Edit Profil') and @resource-id = 'com.she.sehatq:id/btnEdit']"}[39m
[35m[HTTP][39m [37m<-- POST /wd/hub/session/dbd1a615-2750-47d9-b33c-3cf0710d5e88/elements [39m[32m200[39m [90m118 ms - 139[39m
[35m[HTTP][39m [90m[39m
[35m[HTTP][39m [37m-->[39m [37mGET[39m [37m/wd/hub/session/dbd1a615-2750-47d9-b33c-3cf0710d5e88/source[39m
[35m[HTTP][39m [90m{}[39m
[35m[W3C (dbd1a615)][39m Driver proxy active, passing request on via HTTP proxy
[35m[WD Proxy][39m Replacing sessionId 8a5a7bd7-17d0-4c73-a862-55f2ebddda1c with dbd1a615-2750-47d9-b33c-3cf0710d5e88
[35m[HTTP][39m [37m<-- GET /wd/hub/session/dbd1a615-2750-47d9-b33c-3cf0710d5e88/source [39m[32m200[39m [90m77 ms - 6449[39m
[35m[HTTP][39m [90m[39m
[35m[HTTP][39m [37m-->[39m [37mGET[39m [37m/wd/hub/session/dbd1a615-2750-47d9-b33c-3cf0710d5e88/screenshot[39m
[35m[HTTP][39m [90m{}[39m
[35m[HTTP][39m [37m<-- GET /wd/hub/session/dbd1a615-2750-47d9-b33c-3cf0710d5e88/screenshot [39m[32m200[39m [90m500 ms - 135232[39m
[35m[HTTP][39m [90m[39m
[35m[HTTP][39m [37m-->[39m [37mPOST[39m [37m/wd/hub/session/dbd1a615-2750-47d9-b33c-3cf0710d5e88/elements[39m
[35m[HTTP][39m [90m{"using":"xpath","value":"//*[@class = 'android.widget.TextView' and (@text = 'Perubahan Berhasil Disimpan' or . = 'Perubahan Berhasil Disimpan') and @resource-id = 'com.she.sehatq:id/textView']"}[39m
[35m[HTTP][39m [37m<-- POST /wd/hub/session/dbd1a615-2750-47d9-b33c-3cf0710d5e88/elements [39m[32m200[39m [90m208 ms - 139[39m
[35m[HTTP][39m [90m[39m
[35m[HTTP][39m [37m-->[39m [37mPOST[39m [37m/wd/hub/session/dbd1a615-2750-47d9-b33c-3cf0710d5e88/elements[39m
[35m[HTTP][39m [90m{"using":"xpath","value":"//*[@class = 'android.widget.Button' and (@text = 'Ok' or . = 'Ok') and @resource-id = 'com.she.sehatq:id/btnOk']"}[39m
[35m[HTTP][39m [37m<-- POST /wd/hub/session/dbd1a615-2750-47d9-b33c-3cf0710d5e88/elements [39m[32m200[39m [90m73 ms - 139[39m
[35m[HTTP][39m [90m[39m
[35m[HTTP][39m [37m-->[39m [37mGET[39m [37m/wd/hub/session/dbd1a615-2750-47d9-b33c-3cf0710d5e88/source[39m
[35m[HTTP][39m [90m{}[39m
[35m[W3C (dbd1a615)][39m Driver proxy active, passing request on via HTTP proxy
[35m[WD Proxy][39m Replacing sessionId 8a5a7bd7-17d0-4c73-a862-55f2ebddda1c with dbd1a615-2750-47d9-b33c-3cf0710d5e88
[35m[HTTP][39m [37m<-- GET /wd/hub/session/dbd1a615-2750-47d9-b33c-3cf0710d5e88/source [39m[32m200[39m [90m110 ms - 23742[39m
[35m[HTTP][39m [90m[39m
[35m[HTTP][39m [37m-->[39m [37mGET[39m [37m/wd/hub/session/dbd1a615-2750-47d9-b33c-3cf0710d5e88/screenshot[39m
[35m[HTTP][39m [90m{}[39m
[35m[HTTP][39m [37m<-- GET /wd/hub/session/dbd1a615-2750-47d9-b33c-3cf0710d5e88/screenshot [39m[32m200[39m [90m441 ms - 132884[39m
[35m[HTTP][39m [90m[39m
[35m[HTTP][39m [37m-->[39m [37mPOST[39m [37m/wd/hub/session/dbd1a615-2750-47d9-b33c-3cf0710d5e88/elements[39m
[35m[HTTP][39m [90m{"using":"xpath","value":"//*[@class = 'android.widget.TextView' and (@text = 'Nama belum diisi' or . = 'Nama belum diisi') and @resource-id = 'com.she.sehatq:id/tv_error']"}[39m
[35m[HTTP][39m [37m<-- POST /wd/hub/session/dbd1a615-2750-47d9-b33c-3cf0710d5e88/elements [39m[32m200[39m [90m89 ms - 139[39m
[35m[HTTP][39m [90m[39m
[35m[HTTP][39m [37m-->[39m [37mDELETE[39m [37m/wd/hub/session/dbd1a615-2750-47d9-b33c-3cf0710d5e88[39m
[35m[HTTP][39m [90m{}[39m
[35m[Appium][39m Removing session dbd1a615-2750-47d9-b33c-3cf0710d5e88 from our master session list
[35m[UiAutomator2][39m Did not get confirmation UiAutomator2 deleteSession worked; Error was: UnknownError: An unknown server-side error occurred while processing the command. Original error: 'DELETE /' cannot be proxied to UiAutomator2 server because the instrumentation process is not running (probably crashed). Check the server log and/or the logcat output for more details
[35m[UiAutomator2][39m Restoring hidden api policy to the device default configuration
[35m[HTTP][39m [37m<-- DELETE /wd/hub/session/dbd1a615-2750-47d9-b33c-3cf0710d5e88 [39m[32m200[39m [90m542 ms - 14[39m
[35m[HTTP][39m [90m[39m
